# JRE version: OpenJDK Runtime Environment JBR-25.0.2+1-329.117-jcef (25.0.2+1) (build 25.0.2+1-b329.117)
# Java VM: OpenJDK 64-Bit Server VM JBR-25.0.2+1-329.117-jcef (25.0.2+1-b329.117, mixed mode, sharing, tiered, compressed oops, compressed class ptrs, g1 gc, windows-amd64)
GC Precious Log:
 CardTable entry size: 512
 Card Set container configuration: InlinePtr #cards 5 size 8 Array Of Cards #cards 10 size 36 Howl #buckets 4 coarsen threshold 1843 Howl Bitmap #cards 512 size 80 coarsen threshold 460 Card regions per heap region 1 cards per card region 2048
 CPUs: 16 total, 16 available
 Memory: 14188M
 Large Page Support: Disabled
 NUMA Support: Disabled
 Compressed Oops: Enabled (32-bit)
 Heap Region Size: 1M
 Heap Min Capacity: 128M
 Heap Initial Capacity: 128M
 Heap Max Capacity: 1G
 Pre-touch: Disabled
 Parallel Workers: 13
 Concurrent Workers: 3
 Concurrent Refinement Workers: 13
 Periodic GC: Disabled
Heap:
 garbage-first heap   total reserved 1048576K, committed 182272K, used 122912K [0x00000000c0000000, 0x0000000100000000)
  region size 1024K, 5 young (5120K), 2 survivors (2048K)
GC Heap Usage History (20 events):
Event: 8.980 {heap Before GC invocations=13 (full 0):
 garbage-first heap   total reserved 1048576K, committed 131072K, used 110377K [0x00000000c0000000, 0x0000000100000000)
  region size 1024K, 40 young (40960K), 6 survivors (6144K)
}
Event: 8.987 {heap After GC invocations=14 (full 0):
 garbage-first heap   total reserved 1048576K, committed 131072K, used 83337K [0x00000000c0000000, 0x0000000100000000)
  region size 1024K, 5 young (5120K), 5 survivors (5120K)
}
Event: 9.217 {heap Before GC invocations=15 (full 0):
 garbage-first heap   total reserved 1048576K, committed 140288K, used 112009K [0x00000000c0000000, 0x0000000100000000)
  region size 1024K, 34 young (34816K), 5 survivors (5120K)
}
Event: 9.223 {heap After GC invocations=16 (full 0):
 garbage-first heap   total reserved 1048576K, committed 140288K, used 87422K [0x00000000c0000000, 0x0000000100000000)
  region size 1024K, 4 young (4096K), 4 survivors (4096K)
}
Event: 9.416 {heap Before GC invocations=16 (full 0):
 garbage-first heap   total reserved 1048576K, committed 140288K, used 121214K [0x00000000c0000000, 0x0000000100000000)
  region size 1024K, 38 young (38912K), 4 survivors (4096K)
}
Event: 9.421 {heap After GC invocations=17 (full 0):
 garbage-first heap   total reserved 1048576K, committed 168960K, used 89757K [0x00000000c0000000, 0x0000000100000000)
  region size 1024K, 4 young (4096K), 4 survivors (4096K)
}
Event: 9.478 {heap Before GC invocations=17 (full 0):
 garbage-first heap   total reserved 1048576K, committed 168960K, used 104093K [0x00000000c0000000, 0x0000000100000000)
  region size 1024K, 19 young (19456K), 4 survivors (4096K)
}
Event: 9.482 {heap After GC invocations=18 (full 0):
 garbage-first heap   total reserved 1048576K, committed 168960K, used 91233K [0x00000000c0000000, 0x0000000100000000)
  region size 1024K, 6 young (6144K), 6 survivors (6144K)
}
Event: 9.691 {heap Before GC invocations=19 (full 0):
 garbage-first heap   total reserved 1048576K, committed 175104K, used 174177K [0x00000000c0000000, 0x0000000100000000)
  region size 1024K, 46 young (47104K), 6 survivors (6144K)
}
Event: 9.696 {heap After GC invocations=20 (full 0):
 garbage-first heap   total reserved 1048576K, committed 182272K, used 110440K [0x00000000c0000000, 0x0000000100000000)
  region size 1024K, 4 young (4096K), 4 survivors (4096K)
}
Event: 9.929 {heap Before GC invocations=20 (full 0):
 garbage-first heap   total reserved 1048576K, committed 182272K, used 163688K [0x00000000c0000000, 0x0000000100000000)
  region size 1024K, 55 young (56320K), 4 survivors (4096K)
}
Event: 9.935 {heap After GC invocations=21 (full 0):
 garbage-first heap   total reserved 1048576K, committed 182272K, used 97974K [0x00000000c0000000, 0x0000000100000000)
  region size 1024K, 7 young (7168K), 7 survivors (7168K)
}
Event: 11.046 {heap Before GC invocations=21 (full 0):
 garbage-first heap   total reserved 1048576K, committed 182272K, used 158390K [0x00000000c0000000, 0x0000000100000000)
  region size 1024K, 67 young (68608K), 7 survivors (7168K)
}
Event: 11.054 {heap After GC invocations=22 (full 0):
 garbage-first heap   total reserved 1048576K, committed 182272K, used 107142K [0x00000000c0000000, 0x0000000100000000)
  region size 1024K, 9 young (9216K), 9 survivors (9216K)
}
Event: 11.888 {heap Before GC invocations=23 (full 0):
 garbage-first heap   total reserved 1048576K, committed 182272K, used 158342K [0x00000000c0000000, 0x0000000100000000)
  region size 1024K, 60 young (61440K), 9 survivors (9216K)
}
Event: 11.896 {heap After GC invocations=24 (full 0):
 garbage-first heap   total reserved 1048576K, committed 182272K, used 115078K [0x00000000c0000000, 0x0000000100000000)
  region size 1024K, 8 young (8192K), 8 survivors (8192K)
}
Event: 12.652 {heap Before GC invocations=24 (full 0):
 garbage-first heap   total reserved 1048576K, committed 182272K, used 161158K [0x00000000c0000000, 0x0000000100000000)
  region size 1024K, 54 young (55296K), 8 survivors (8192K)
}
Event: 12.661 {heap After GC invocations=25 (full 0):
 garbage-first heap   total reserved 1048576K, committed 182272K, used 119018K [0x00000000c0000000, 0x0000000100000000)
  region size 1024K, 6 young (6144K), 6 survivors (6144K)
}
Event: 13.741 {heap Before GC invocations=25 (full 0):
 garbage-first heap   total reserved 1048576K, committed 182272K, used 126186K [0x00000000c0000000, 0x0000000100000000)
  region size 1024K, 15 young (15360K), 6 survivors (6144K)
}
Event: 13.744 {heap After GC invocations=26 (full 0):
 garbage-first heap   total reserved 1048576K, committed 182272K, used 119840K [0x00000000c0000000, 0x0000000100000000)
  region size 1024K, 2 young (2048K), 2 survivors (2048K)
}

